SF:/Users/hypeempreendimentos/Desktop/Jurimetric/polkadart/packages/ss58_codec/lib/src/exceptions.dart
DA:4,1
DA:9,1
DA:11,4
DA:18,0
DA:20,0
DA:29,1
DA:34,1
DA:36,4
LF:8
LH:6
end_of_record
SF:/Users/hypeempreendimentos/Desktop/Jurimetric/polkadart/packages/ss58_codec/lib/src/address.dart
DA:15,1
DA:17,1
DA:18,3
DA:20,1
DA:22,3
LF:5
LH:5
end_of_record
SF:/Users/hypeempreendimentos/Desktop/Jurimetric/polkadart/packages/ss58_codec/lib/src/ss58_codec_base.dart
DA:12,3
DA:17,2
DA:18,1
DA:35,1
DA:36,2
DA:37,2
DA:38,1
DA:42,2
DA:43,1
DA:45,2
DA:51,5
DA:52,4
DA:53,5
DA:56,1
DA:60,2
DA:61,1
DA:62,1
DA:65,1
DA:66,1
DA:67,1
DA:68,1
DA:72,1
DA:75,1
DA:76,2
DA:77,6
DA:78,0
DA:82,1
DA:84,3
DA:96,1
DA:97,1
DA:98,2
DA:99,1
DA:101,2
DA:104,1
DA:105,1
DA:106,1
DA:107,1
DA:110,1
DA:111,1
DA:115,2
DA:119,1
DA:120,3
DA:121,1
DA:127,3
DA:130,1
DA:131,7
DA:135,7
DA:139,2
DA:140,1
DA:141,2
DA:142,4
DA:144,2
DA:151,1
DA:152,1
DA:155,1
DA:158,2
DA:160,5
DA:163,1
DA:165,2
LF:59
LH:58
end_of_record
